Arguments: 
  C:\Program Files\nodejs\node.exe C:\Users\Administrator\AppData\Roaming\npm\node_modules\yarn\bin\yarn.js add prop-types

PATH: 
  C:\windows\system32;C:\windows;C:\windows\System32\Wbem;C:\windows\System32\WindowsPowerShell\v1.0\;C:\Program Files\Java\jdk1.8.0_181\bin;C:\Program Files\Java\jdk1.8.0_181\jre\bin;C:\Program Files\MongoDB\Server\4.0\bin;F:\Users\Administrator\AppData\Local\Android\Sdk\tools;F:\Users\Administrator\AppData\Local\Android\Sdk\platform-tools;C:\Program Files\Git\cmd;C:\Program Files\nodejs;C:\Users\Administrator\AppData\Roaming\npm;F:\Python27\Scripts;F:\Python27;C:\Users\Administrator\AppData\Local\Microsoft\WindowsApps;F:\Users\Administrator\AppData\Local\Programs\Microsoft VS Code\bin;C:\Users\Administrator\AppData\Local\GitHubDesktop\bin

Yarn version: 
  1.16.0

Node version: 
  12.9.1

Platform: 
  win32 x64

Trace: 
  Error: getaddrinfo ENOTFOUND r.cnpmjs.org
      at GetAddrInfoReqWrap.onlookup [as oncomplete] (dns.js:60:26)

npm manifest: 
  {
    "name": "webpack-dome",
    "version": "1.0.0",
    "description": "",
    "main": "index.js",
    "scripts": {
      "test": "echo \"Error: no test specified\" && exit 1",
      "dev": "webpack-dev-server --open --port 3000 --hot --host 127.0.0.1"
    },
    "keywords": [],
    "author": "",
    "license": "ISC",
    "devDependencies": {
      "babel-core": "^6.26.3",
      "babel-loader": "^7.1.5",
      "babel-plugin-transform-runtime": "^6.23.0",
      "babel-preset-env": "^1.7.0",
      "babel-preset-react": "^6.24.1",
      "babel-preset-stage-0": "^6.24.1",
      "css-loader": "^3.2.0",
      "html-webpack-plugin": "^3.2.0",
      "style-loader": "^1.0.0",
      "webpack": "^4.41.0",
      "webpack-cli": "^3.3.9",
      "webpack-dev-server": "^3.8.1"
    },
    "dependencies": {
      "react": "^16.10.0",
      "react-dom": "^16.10.0"
    }
  }

yarn manifest: 
  No manifest

Lockfile: 
  No lockfile
